  [1m[35m (36.2ms)[0m  [1m[35mCREATE TABLE "schema_migrations" ("version" character varying NOT NULL PRIMARY KEY)[0m
  [1m[35m (3.1ms)[0m  [1m[35mCREATE TABLE "ar_internal_metadata" ("key" character varying NOT NULL PRIMARY KEY, "value" character varying, "created_at" timestamp NOT NULL, "updated_at" timestamp NOT NULL)[0m
  [1m[35m (1.2ms)[0m  [1m[34mSELECT pg_try_advisory_lock(5658618547730984640)[0m
  [1m[35m (0.9ms)[0m  [1m[34mSELECT "schema_migrations"."version" FROM "schema_migrations" ORDER BY "schema_migrations"."version" ASC[0m
Migrating to CreateUsers (20170920184707)
  [1m[35m (0.2ms)[0m  [1m[35mBEGIN[0m
  [1m[35m (7.4ms)[0m  [1m[35mCREATE TABLE "users" ("id" bigserial primary key, "username" character varying NOT NULL, "email" character varying NOT NULL, "password_digest" character varying, "created_at" timestamp NOT NULL, "updated_at" timestamp NOT NULL)[0m
  [1m[35mSQL (2.0ms)[0m  [1m[32mINSERT INTO "schema_migrations" ("version") VALUES ($1) RETURNING "version"[0m  [["version", "20170920184707"]]
  [1m[35m (0.4ms)[0m  [1m[35mCOMMIT[0m
Migrating to CreateCategories (20170920184728)
  [1m[35m (0.3ms)[0m  [1m[35mBEGIN[0m
  [1m[35m (2.8ms)[0m  [1m[35mCREATE TABLE "categories" ("id" bigserial primary key, "name" character varying, "created_at" timestamp NOT NULL, "updated_at" timestamp NOT NULL)[0m
  [1m[35mSQL (0.4ms)[0m  [1m[32mINSERT INTO "schema_migrations" ("version") VALUES ($1) RETURNING "version"[0m  [["version", "20170920184728"]]
  [1m[35m (1.9ms)[0m  [1m[35mCOMMIT[0m
Migrating to CreateRecipes (20170920184737)
  [1m[35m (0.3ms)[0m  [1m[35mBEGIN[0m
  [1m[35m (10.0ms)[0m  [1m[35mCREATE TABLE "recipes" ("id" bigserial primary key, "user_id" integer, "category_id" integer, "name" character varying, "difficulty" integer, "prep_time" integer, "directions" text, "submitted" boolean DEFAULT 'f', "created_at" timestamp NOT NULL, "updated_at" timestamp NOT NULL)[0m
  [1m[35mSQL (0.6ms)[0m  [1m[32mINSERT INTO "schema_migrations" ("version") VALUES ($1) RETURNING "version"[0m  [["version", "20170920184737"]]
  [1m[35m (0.8ms)[0m  [1m[35mCOMMIT[0m
Migrating to CreateRecipesIngredients (20170920184820)
  [1m[35m (0.5ms)[0m  [1m[35mBEGIN[0m
  [1m[35m (7.9ms)[0m  [1m[35mCREATE TABLE "recipes_ingredients" ("id" bigserial primary key, "recipe_id" integer, "ingredient_id" integer, "amount" integer, "measurement_type" character varying, "created_at" timestamp NOT NULL, "updated_at" timestamp NOT NULL)[0m
  [1m[35mSQL (0.3ms)[0m  [1m[32mINSERT INTO "schema_migrations" ("version") VALUES ($1) RETURNING "version"[0m  [["version", "20170920184820"]]
  [1m[35m (1.9ms)[0m  [1m[35mCOMMIT[0m
Migrating to CreateIngredients (20170920184829)
  [1m[35m (0.2ms)[0m  [1m[35mBEGIN[0m
  [1m[35m (2.8ms)[0m  [1m[35mCREATE TABLE "ingredients" ("id" bigserial primary key, "name" character varying, "created_at" timestamp NOT NULL, "updated_at" timestamp NOT NULL)[0m
  [1m[35mSQL (0.3ms)[0m  [1m[32mINSERT INTO "schema_migrations" ("version") VALUES ($1) RETURNING "version"[0m  [["version", "20170920184829"]]
  [1m[35m (2.5ms)[0m  [1m[35mCOMMIT[0m
  [1m[36mActiveRecord::InternalMetadata Load (1.2ms)[0m  [1m[34mSELECT  "ar_internal_metadata".* FROM "ar_internal_metadata" WHERE "ar_internal_metadata"."key" = $1 LIMIT $2[0m  [["key", "environment"], ["LIMIT", 1]]
  [1m[35m (0.2ms)[0m  [1m[35mBEGIN[0m
  [1m[35mSQL (2.4ms)[0m  [1m[32mINSERT INTO "ar_internal_metadata" ("key", "value", "created_at", "updated_at") VALUES ($1, $2, $3, $4) RETURNING "key"[0m  [["key", "environment"], ["value", "development"], ["created_at", "2017-09-20 19:07:31.989591"], ["updated_at", "2017-09-20 19:07:31.989591"]]
  [1m[35m (0.4ms)[0m  [1m[35mCOMMIT[0m
  [1m[35m (0.2ms)[0m  [1m[34mSELECT pg_advisory_unlock(5658618547730984640)[0m
  [1m[35m (1.4ms)[0m  [1m[34mSELECT "schema_migrations"."version" FROM "schema_migrations" ORDER BY "schema_migrations"."version" ASC[0m
  [1m[35m (0.3ms)[0m  [1m[35mBEGIN[0m
  [1m[35mSQL (4.3ms)[0m  [1m[32mINSERT INTO "users" ("username", "email", "created_at", "updated_at") VALUES ($1, $2, $3, $4) RETURNING "id"[0m  [["username", "Jenna"], ["email", "iamjane@jane.com"], ["created_at", "2017-09-20 19:09:29.516465"], ["updated_at", "2017-09-20 19:09:29.516465"]]
  [1m[35m (1.1ms)[0m  [1m[35mCOMMIT[0m
  [1m[36mRecipe Load (1.0ms)[0m  [1m[34mSELECT  "recipes".* FROM "recipes" WHERE "recipes"."user_id" = $1 LIMIT $2[0m  [["user_id", 1], ["LIMIT", 11]]
  [1m[36mCategory Load (1.3ms)[0m  [1m[34mSELECT  "categories".* FROM "categories" LIMIT $1[0m  [["LIMIT", 11]]
  [1m[35m (0.4ms)[0m  [1m[35mBEGIN[0m
  [1m[35mSQL (1.8ms)[0m  [1m[32mINSERT INTO "categories" ("name", "created_at", "updated_at") VALUES ($1, $2, $3) RETURNING "id"[0m  [["name", "Appetizer"], ["created_at", "2017-09-20 19:11:25.238547"], ["updated_at", "2017-09-20 19:11:25.238547"]]
  [1m[35m (1.2ms)[0m  [1m[35mCOMMIT[0m
  [1m[35m (0.3ms)[0m  [1m[35mBEGIN[0m
  [1m[35mSQL (0.5ms)[0m  [1m[32mINSERT INTO "categories" ("name", "created_at", "updated_at") VALUES ($1, $2, $3) RETURNING "id"[0m  [["name", "Salad"], ["created_at", "2017-09-20 19:11:50.409625"], ["updated_at", "2017-09-20 19:11:50.409625"]]
  [1m[35m (0.6ms)[0m  [1m[35mCOMMIT[0m
  [1m[35m (0.3ms)[0m  [1m[35mBEGIN[0m
  [1m[36mUser Load (0.7ms)[0m  [1m[34mSELECT  "users".* FROM "users" WHERE "users"."id" = $1 LIMIT $2[0m  [["id", 1], ["LIMIT", 1]]
  [1m[35mSQL (1.9ms)[0m  [1m[32mINSERT INTO "recipes" ("user_id", "category_id", "name", "difficulty", "prep_time", "directions", "created_at", "updated_at") VALUES ($1, $2, $3, $4, $5, $6, $7, $8) RETURNING "id"[0m  [["user_id", 1], ["category_id", 2], ["name", "OG"], ["difficulty", 0], ["prep_time", 10], ["directions", "Be a rabbit"], ["created_at", "2017-09-20 19:13:30.157126"], ["updated_at", "2017-09-20 19:13:30.157126"]]
  [1m[35m (0.6ms)[0m  [1m[35mCOMMIT[0m
  [1m[36mRecipe Load (0.6ms)[0m  [1m[34mSELECT  "recipes".* FROM "recipes" WHERE "recipes"."user_id" = $1 LIMIT $2[0m  [["user_id", 1], ["LIMIT", 11]]
  [1m[35m (0.3ms)[0m  [1m[35mBEGIN[0m
  [1m[35mSQL (3.4ms)[0m  [1m[32mINSERT INTO "ingredients" ("name", "created_at", "updated_at") VALUES ($1, $2, $3) RETURNING "id"[0m  [["name", "Lettuce Turnup the Beet"], ["created_at", "2017-09-20 19:14:50.957879"], ["updated_at", "2017-09-20 19:14:50.957879"]]
  [1m[35m (0.6ms)[0m  [1m[35mCOMMIT[0m
  [1m[36mIngredient Load (1.9ms)[0m  [1m[34mSELECT  "ingredients".* FROM "ingredients" INNER JOIN "recipes_ingredients" ON "ingredients"."id" = "recipes_ingredients"."ingredient_id" WHERE "recipes_ingredients"."recipe_id" = $1 LIMIT $2[0m  [["recipe_id", 1], ["LIMIT", 11]]
  [1m[36mIngredient Load (0.6ms)[0m  [1m[34mSELECT  "ingredients".* FROM "ingredients" INNER JOIN "recipes_ingredients" ON "ingredients"."id" = "recipes_ingredients"."ingredient_id" WHERE "recipes_ingredients"."recipe_id" = $1 LIMIT $2[0m  [["recipe_id", 1], ["LIMIT", 11]]
  [1m[36mIngredient Load (0.8ms)[0m  [1m[34mSELECT  "ingredients".* FROM "ingredients" INNER JOIN "recipes_ingredients" ON "ingredients"."id" = "recipes_ingredients"."ingredient_id" WHERE "recipes_ingredients"."recipe_id" = $1 LIMIT $2[0m  [["recipe_id", 1], ["LIMIT", 11]]
  [1m[36mIngredient Load (0.5ms)[0m  [1m[34mSELECT  "ingredients".* FROM "ingredients" LIMIT $1[0m  [["LIMIT", 11]]
  [1m[35m (0.3ms)[0m  [1m[35mBEGIN[0m
  [1m[36mIngredient Load (0.3ms)[0m  [1m[34mSELECT  "ingredients".* FROM "ingredients" WHERE "ingredients"."id" = $1 LIMIT $2[0m  [["id", 1], ["LIMIT", 1]]
  [1m[35mSQL (2.0ms)[0m  [1m[32mINSERT INTO "recipes_ingredients" ("recipe_id", "ingredient_id", "amount", "measurement_type", "created_at", "updated_at") VALUES ($1, $2, $3, $4, $5, $6) RETURNING "id"[0m  [["recipe_id", 1], ["ingredient_id", 1], ["amount", 10], ["measurement_type", "spoons"], ["created_at", "2017-09-20 19:19:17.434623"], ["updated_at", "2017-09-20 19:19:17.434623"]]
  [1m[35m (0.4ms)[0m  [1m[35mCOMMIT[0m
  [1m[36mIngredient Load (0.7ms)[0m  [1m[34mSELECT  "ingredients".* FROM "ingredients" INNER JOIN "recipes_ingredients" ON "ingredients"."id" = "recipes_ingredients"."ingredient_id" WHERE "recipes_ingredients"."recipe_id" = $1 LIMIT $2[0m  [["recipe_id", 1], ["LIMIT", 11]]
  [1m[36mRecipesIngredient Load (0.5ms)[0m  [1m[34mSELECT  "recipes_ingredients".* FROM "recipes_ingredients" WHERE "recipes_ingredients"."recipe_id" = $1 LIMIT $2[0m  [["recipe_id", 1], ["LIMIT", 11]]
